# JRE version: OpenJDK Runtime Environment (8.0_152-b01) (build 1.8.0_152-release-915-b01)
# Java VM: OpenJDK 64-Bit Server VM (25.152-b01 mixed mode linux-amd64 compressed oops)
Heap:
 PSYoungGen      total 447488K, used 3997K [0x00000000e0000000, 0x00000000fd200000, 0x0000000100000000)
  eden space 422400K, 0% used [0x00000000e0000000,0x00000000e0000000,0x00000000f9c80000)
  from space 25088K, 15% used [0x00000000f9c80000,0x00000000fa067558,0x00000000fb500000)
  to   space 17920K, 0% used [0x00000000fb500000,0x00000000fb500000,0x00000000fc680000)
 ParOldGen       total 71168K, used 50571K [0x00000000a0000000, 0x00000000a4580000, 0x00000000e0000000)
  object space 71168K, 71% used [0x00000000a0000000,0x00000000a3162d40,0x00000000a4580000)
 Metaspace       used 68778K, capacity 71138K, committed 71256K, reserved 1112064K
  class space    used 9065K, capacity 9591K, committed 9600K, reserved 1048576K
GC Heap History (10 events):
Event: 31,529 GC heap after
Heap after GC invocations=15 (full 2):
 PSYoungGen      total 242688K, used 3443K [0x00000000e0000000, 0x00000000f5100000, 0x0000000100000000)
  eden space 223232K, 0% used [0x00000000e0000000,0x00000000e0000000,0x00000000eda00000)
  from space 19456K, 17% used [0x00000000eda00000,0x00000000edd5cf40,0x00000000eed00000)
  to   space 18944K, 0% used [0x00000000f3e80000,0x00000000f3e80000,0x00000000f5100000)
 ParOldGen       total 42496K, used 39397K [0x00000000a0000000, 0x00000000a2980000, 0x00000000e0000000)
  object space 42496K, 92% used [0x00000000a0000000,0x00000000a2679640,0x00000000a2980000)
 Metaspace       used 57171K, capacity 58952K, committed 59028K, reserved 1099776K
  class space    used 7720K, capacity 8177K, committed 8192K, reserved 1048576K
}
Event: 31,529 GC heap before
{Heap before GC invocations=16 (full 3):
 PSYoungGen      total 242688K, used 3443K [0x00000000e0000000, 0x00000000f5100000, 0x0000000100000000)
  eden space 223232K, 0% used [0x00000000e0000000,0x00000000e0000000,0x00000000eda00000)
  from space 19456K, 17% used [0x00000000eda00000,0x00000000edd5cf40,0x00000000eed00000)
  to   space 18944K, 0% used [0x00000000f3e80000,0x00000000f3e80000,0x00000000f5100000)
 ParOldGen       total 42496K, used 39397K [0x00000000a0000000, 0x00000000a2980000, 0x00000000e0000000)
  object space 42496K, 92% used [0x00000000a0000000,0x00000000a2679640,0x00000000a2980000)
 Metaspace       used 57171K, capacity 58952K, committed 59028K, reserved 1099776K
  class space    used 7720K, capacity 8177K, committed 8192K, reserved 1048576K
Event: 31,720 GC heap after
Heap after GC invocations=16 (full 3):
 PSYoungGen      total 242688K, used 0K [0x00000000e0000000, 0x00000000f5100000, 0x0000000100000000)
  eden space 223232K, 0% used [0x00000000e0000000,0x00000000e0000000,0x00000000eda00000)
  from space 19456K, 0% used [0x00000000eda00000,0x00000000eda00000,0x00000000eed00000)
  to   space 18944K, 0% used [0x00000000f3e80000,0x00000000f3e80000,0x00000000f5100000)
 ParOldGen       total 71168K, used 33357K [0x00000000a0000000, 0x00000000a4580000, 0x00000000e0000000)
  object space 71168K, 46% used [0x00000000a0000000,0x00000000a2093618,0x00000000a4580000)
 Metaspace       used 57171K, capacity 58952K, committed 59028K, reserved 1099776K
  class space    used 7720K, capacity 8177K, committed 8192K, reserved 1048576K
}
Event: 45,133 GC heap before
{Heap before GC invocations=17 (full 3):
 PSYoungGen      total 242688K, used 222565K [0x00000000e0000000, 0x00000000f5100000, 0x0000000100000000)
  eden space 223232K, 99% used [0x00000000e0000000,0x00000000ed9594e0,0x00000000eda00000)
  from space 19456K, 0% used [0x00000000eda00000,0x00000000eda00000,0x00000000eed00000)
  to   space 18944K, 0% used [0x00000000f3e80000,0x00000000f3e80000,0x00000000f5100000)
 ParOldGen       total 71168K, used 33357K [0x00000000a0000000, 0x00000000a4580000, 0x00000000e0000000)
  object space 71168K, 46% used [0x00000000a0000000,0x00000000a2093618,0x00000000a4580000)
 Metaspace       used 63188K, capacity 65288K, committed 65368K, reserved 1105920K
  class space    used 8538K, capacity 9024K, committed 9088K, reserved 1048576K
Event: 45,916 GC heap after
Heap after GC invocations=17 (full 3):
 PSYoungGen      total 326144K, used 9545K [0x00000000e0000000, 0x00000000f5d80000, 0x0000000100000000)
  eden space 307200K, 0% used [0x00000000e0000000,0x00000000e0000000,0x00000000f2c00000)
  from space 18944K, 50% used [0x00000000f3e80000,0x00000000f47d2798,0x00000000f5100000)
  to   space 18944K, 0% used [0x00000000f2c00000,0x00000000f2c00000,0x00000000f3e80000)
 ParOldGen       total 71168K, used 33365K [0x00000000a0000000, 0x00000000a4580000, 0x00000000e0000000)
  object space 71168K, 46% used [0x00000000a0000000,0x00000000a2095618,0x00000000a4580000)
 Metaspace       used 63188K, capacity 65288K, committed 65368K, reserved 1105920K
  class space    used 8538K, capacity 9024K, committed 9088K, reserved 1048576K
}
Event: 53,577 GC heap before
{Heap before GC invocations=18 (full 3):
 PSYoungGen      total 326144K, used 316745K [0x00000000e0000000, 0x00000000f5d80000, 0x0000000100000000)
  eden space 307200K, 100% used [0x00000000e0000000,0x00000000f2c00000,0x00000000f2c00000)
  from space 18944K, 50% used [0x00000000f3e80000,0x00000000f47d2798,0x00000000f5100000)
  to   space 18944K, 0% used [0x00000000f2c00000,0x00000000f2c00000,0x00000000f3e80000)
 ParOldGen       total 71168K, used 33532K [0x00000000a0000000, 0x00000000a4580000, 0x00000000e0000000)
  object space 71168K, 47% used [0x00000000a0000000,0x00000000a20bf1c0,0x00000000a4580000)
 Metaspace       used 67251K, capacity 69588K, committed 69720K, reserved 1110016K
  class space    used 8961K, capacity 9484K, committed 9600K, reserved 1048576K
Event: 53,590 GC heap after
Heap after GC invocations=18 (full 3):
 PSYoungGen      total 326144K, used 9050K [0x00000000e0000000, 0x00000000fc680000, 0x0000000100000000)
  eden space 307200K, 0% used [0x00000000e0000000,0x00000000e0000000,0x00000000f2c00000)
  from space 18944K, 47% used [0x00000000f2c00000,0x00000000f34d6a60,0x00000000f3e80000)
  to   space 17920K, 0% used [0x00000000fb500000,0x00000000fb500000,0x00000000fc680000)
 ParOldGen       total 71168K, used 36775K [0x00000000a0000000, 0x00000000a4580000, 0x00000000e0000000)
  object space 71168K, 51% used [0x00000000a0000000,0x00000000a23e9de0,0x00000000a4580000)
 Metaspace       used 67251K, capacity 69588K, committed 69720K, reserved 1110016K
  class space    used 8961K, capacity 9484K, committed 9600K, reserved 1048576K
}
Event: 55,108 GC heap before
{Heap before GC invocations=19 (full 3):
 PSYoungGen      total 326144K, used 316250K [0x00000000e0000000, 0x00000000fc680000, 0x0000000100000000)
  eden space 307200K, 100% used [0x00000000e0000000,0x00000000f2c00000,0x00000000f2c00000)
  from space 18944K, 47% used [0x00000000f2c00000,0x00000000f34d6a60,0x00000000f3e80000)
  to   space 17920K, 0% used [0x00000000fb500000,0x00000000fb500000,0x00000000fc680000)
 ParOldGen       total 71168K, used 36778K [0x00000000a0000000, 0x00000000a4580000, 0x00000000e0000000)
  object space 71168K, 51% used [0x00000000a0000000,0x00000000a23eaa60,0x00000000a4580000)
 Metaspace       used 68038K, capacity 70422K, committed 70744K, reserved 1110016K
  class space    used 8999K, capacity 9521K, committed 9600K, reserved 1048576K
Event: 55,138 GC heap after
Heap after GC invocations=19 (full 3):
 PSYoungGen      total 440320K, used 17917K [0x00000000e0000000, 0x00000000fd200000, 0x0000000100000000)
  eden space 422400K, 0% used [0x00000000e0000000,0x00000000e0000000,0x00000000f9c80000)
  from space 17920K, 99% used [0x00000000fb500000,0x00000000fc67f668,0x00000000fc680000)
  to   space 25088K, 0% used [0x00000000f9c80000,0x00000000f9c80000,0x00000000fb500000)
 ParOldGen       total 71168K, used 47999K [0x00000000a0000000, 0x00000000a4580000, 0x00000000e0000000)
  object space 71168K, 67% used [0x00000000a0000000,0x00000000a2edfdf8,0x00000000a4580000)
 Metaspace       used 68038K, capacity 70422K, committed 70744K, reserved 1110016K
  class space    used 8999K, capacity 9521K, committed 9600K, reserved 1048576K
}
Event: 57,242 GC heap before
{Heap before GC invocations=20 (full 3):
 PSYoungGen      total 440320K, used 440317K [0x00000000e0000000, 0x00000000fd200000, 0x0000000100000000)
  eden space 422400K, 100% used [0x00000000e0000000,0x00000000f9c80000,0x00000000f9c80000)
  from space 17920K, 99% used [0x00000000fb500000,0x00000000fc67f668,0x00000000fc680000)
  to   space 25088K, 0% used [0x00000000f9c80000,0x00000000f9c80000,0x00000000fb500000)
 ParOldGen       total 71168K, used 47999K [0x00000000a0000000, 0x00000000a4580000, 0x00000000e0000000)
  object space 71168K, 67% used [0x00000000a0000000,0x00000000a2edfdf8,0x00000000a4580000)
 Metaspace       used 68778K, capacity 71138K, committed 71256K, reserved 1112064K
  class space    used 9065K, capacity 9591K, committed 9600K, reserved 1048576K

