# JRE version: OpenJDK Runtime Environment (8.0_152-b01) (build 1.8.0_152-release-915-b01)
# Java VM: OpenJDK 64-Bit Server VM (25.152-b01 mixed mode linux-amd64 compressed oops)
Heap:
 PSYoungGen      total 363008K, used 18449K [0x00000000e0000000, 0x00000000f8680000, 0x0000000100000000)
  eden space 326144K, 0% used [0x00000000e0000000,0x00000000e0000000,0x00000000f3e80000)
  from space 36864K, 50% used [0x00000000f3e80000,0x00000000f5084520,0x00000000f6280000)
  to   space 33280K, 0% used [0x00000000f6380000,0x00000000f6380000,0x00000000f8400000)
 ParOldGen       total 92160K, used 86640K [0x00000000a0000000, 0x00000000a5a00000, 0x00000000e0000000)
  object space 92160K, 94% used [0x00000000a0000000,0x00000000a549c380,0x00000000a5a00000)
 Metaspace       used 80358K, capacity 83554K, committed 83672K, reserved 1122304K
  class space    used 10247K, capacity 10920K, committed 11008K, reserved 1048576K
GC Heap History (10 events):
Event: 17,246 GC heap after
Heap after GC invocations=17 (full 3):
 PSYoungGen      total 226816K, used 11031K [0x00000000e0000000, 0x00000000ef280000, 0x0000000100000000)
  eden space 211456K, 0% used [0x00000000e0000000,0x00000000e0000000,0x00000000ece80000)
  from space 15360K, 71% used [0x00000000ee380000,0x00000000eee45e68,0x00000000ef280000)
  to   space 18432K, 0% used [0x00000000ece80000,0x00000000ece80000,0x00000000ee080000)
 ParOldGen       total 92160K, used 41620K [0x00000000a0000000, 0x00000000a5a00000, 0x00000000e0000000)
  object space 92160K, 45% used [0x00000000a0000000,0x00000000a28a5210,0x00000000a5a00000)
 Metaspace       used 59125K, capacity 60956K, committed 61272K, reserved 1101824K
  class space    used 7797K, capacity 8254K, committed 8320K, reserved 1048576K
}
Event: 66,198 GC heap before
{Heap before GC invocations=18 (full 3):
 PSYoungGen      total 226816K, used 222487K [0x00000000e0000000, 0x00000000ef280000, 0x0000000100000000)
  eden space 211456K, 100% used [0x00000000e0000000,0x00000000ece80000,0x00000000ece80000)
  from space 15360K, 71% used [0x00000000ee380000,0x00000000eee45e68,0x00000000ef280000)
  to   space 18432K, 0% used [0x00000000ece80000,0x00000000ece80000,0x00000000ee080000)
 ParOldGen       total 92160K, used 41620K [0x00000000a0000000, 0x00000000a5a00000, 0x00000000e0000000)
  object space 92160K, 45% used [0x00000000a0000000,0x00000000a28a5210,0x00000000a5a00000)
 Metaspace       used 63482K, capacity 65826K, committed 66136K, reserved 1105920K
  class space    used 8196K, capacity 8712K, committed 8832K, reserved 1048576K
Event: 66,221 GC heap after
Heap after GC invocations=18 (full 3):
 PSYoungGen      total 229888K, used 13708K [0x00000000e0000000, 0x00000000f1c80000, 0x0000000100000000)
  eden space 211456K, 0% used [0x00000000e0000000,0x00000000e0000000,0x00000000ece80000)
  from space 18432K, 74% used [0x00000000ece80000,0x00000000edbe3068,0x00000000ee080000)
  to   space 19456K, 0% used [0x00000000f0980000,0x00000000f0980000,0x00000000f1c80000)
 ParOldGen       total 92160K, used 41628K [0x00000000a0000000, 0x00000000a5a00000, 0x00000000e0000000)
  object space 92160K, 45% used [0x00000000a0000000,0x00000000a28a7210,0x00000000a5a00000)
 Metaspace       used 63482K, capacity 65826K, committed 66136K, reserved 1105920K
  class space    used 8196K, capacity 8712K, committed 8832K, reserved 1048576K
}
Event: 69,407 GC heap before
{Heap before GC invocations=19 (full 3):
 PSYoungGen      total 229888K, used 225164K [0x00000000e0000000, 0x00000000f1c80000, 0x0000000100000000)
  eden space 211456K, 100% used [0x00000000e0000000,0x00000000ece80000,0x00000000ece80000)
  from space 18432K, 74% used [0x00000000ece80000,0x00000000edbe3068,0x00000000ee080000)
  to   space 19456K, 0% used [0x00000000f0980000,0x00000000f0980000,0x00000000f1c80000)
 ParOldGen       total 92160K, used 41628K [0x00000000a0000000, 0x00000000a5a00000, 0x00000000e0000000)
  object space 92160K, 45% used [0x00000000a0000000,0x00000000a28a7210,0x00000000a5a00000)
 Metaspace       used 67019K, capacity 69374K, committed 69592K, reserved 1110016K
  class space    used 8684K, capacity 9202K, committed 9216K, reserved 1048576K
Event: 69,457 GC heap after
Heap after GC invocations=19 (full 3):
 PSYoungGen      total 269824K, used 17458K [0x00000000e0000000, 0x00000000f2180000, 0x0000000100000000)
  eden space 250368K, 0% used [0x00000000e0000000,0x00000000e0000000,0x00000000ef480000)
  from space 19456K, 89% used [0x00000000f0980000,0x00000000f1a8cba8,0x00000000f1c80000)
  to   space 21504K, 0% used [0x00000000ef480000,0x00000000ef480000,0x00000000f0980000)
 ParOldGen       total 92160K, used 41636K [0x00000000a0000000, 0x00000000a5a00000, 0x00000000e0000000)
  object space 92160K, 45% used [0x00000000a0000000,0x00000000a28a9210,0x00000000a5a00000)
 Metaspace       used 67019K, capacity 69374K, committed 69592K, reserved 1110016K
  class space    used 8684K, capacity 9202K, committed 9216K, reserved 1048576K
}
Event: 102,365 GC heap before
{Heap before GC invocations=20 (full 3):
 PSYoungGen      total 269824K, used 267826K [0x00000000e0000000, 0x00000000f2180000, 0x0000000100000000)
  eden space 250368K, 100% used [0x00000000e0000000,0x00000000ef480000,0x00000000ef480000)
  from space 19456K, 89% used [0x00000000f0980000,0x00000000f1a8cba8,0x00000000f1c80000)
  to   space 21504K, 0% used [0x00000000ef480000,0x00000000ef480000,0x00000000f0980000)
 ParOldGen       total 92160K, used 41636K [0x00000000a0000000, 0x00000000a5a00000, 0x00000000e0000000)
  object space 92160K, 45% used [0x00000000a0000000,0x00000000a28a9210,0x00000000a5a00000)
 Metaspace       used 78055K, capacity 80786K, committed 80984K, reserved 1120256K
  class space    used 9948K, capacity 10564K, committed 10624K, reserved 1048576K
Event: 124,146 GC heap after
Heap after GC invocations=20 (full 3):
 PSYoungGen      total 271872K, used 21481K [0x00000000e0000000, 0x00000000f8400000, 0x0000000100000000)
  eden space 250368K, 0% used [0x00000000e0000000,0x00000000e0000000,0x00000000ef480000)
  from space 21504K, 99% used [0x00000000ef480000,0x00000000f097a518,0x00000000f0980000)
  to   space 33280K, 0% used [0x00000000f6380000,0x00000000f6380000,0x00000000f8400000)
 ParOldGen       total 92160K, used 65204K [0x00000000a0000000, 0x00000000a5a00000, 0x00000000e0000000)
  object space 92160K, 70% used [0x00000000a0000000,0x00000000a3fad060,0x00000000a5a00000)
 Metaspace       used 78055K, capacity 80786K, committed 80984K, reserved 1120256K
  class space    used 9948K, capacity 10564K, committed 10624K, reserved 1048576K
}
Event: 127,453 GC heap before
{Heap before GC invocations=21 (full 3):
 PSYoungGen      total 271872K, used 269089K [0x00000000e0000000, 0x00000000f8400000, 0x0000000100000000)
  eden space 250368K, 98% used [0x00000000e0000000,0x00000000ef1ce1e8,0x00000000ef480000)
  from space 21504K, 99% used [0x00000000ef480000,0x00000000f097a518,0x00000000f0980000)
  to   space 33280K, 0% used [0x00000000f6380000,0x00000000f6380000,0x00000000f8400000)
 ParOldGen       total 92160K, used 65204K [0x00000000a0000000, 0x00000000a5a00000, 0x00000000e0000000)
  object space 92160K, 70% used [0x00000000a0000000,0x00000000a3fad060,0x00000000a5a00000)
 Metaspace       used 78841K, capacity 81626K, committed 81880K, reserved 1120256K
  class space    used 10029K, capacity 10672K, committed 10752K, reserved 1048576K
Event: 127,504 GC heap after
Heap after GC invocations=21 (full 3):
 PSYoungGen      total 359424K, used 27833K [0x00000000e0000000, 0x00000000f8680000, 0x0000000100000000)
  eden space 326144K, 0% used [0x00000000e0000000,0x00000000e0000000,0x00000000f3e80000)
  from space 33280K, 83% used [0x00000000f6380000,0x00000000f7eae538,0x00000000f8400000)
  to   space 36864K, 0% used [0x00000000f3e80000,0x00000000f3e80000,0x00000000f6280000)
 ParOldGen       total 92160K, used 72523K [0x00000000a0000000, 0x00000000a5a00000, 0x00000000e0000000)
  object space 92160K, 78% used [0x00000000a0000000,0x00000000a46d2d70,0x00000000a5a00000)
 Metaspace       used 78841K, capacity 81626K, committed 81880K, reserved 1120256K
  class space    used 10029K, capacity 10672K, committed 10752K, reserved 1048576K
}
Event: 133,534 GC heap before
{Heap before GC invocations=22 (full 3):
 PSYoungGen      total 359424K, used 353977K [0x00000000e0000000, 0x00000000f8680000, 0x0000000100000000)
  eden space 326144K, 100% used [0x00000000e0000000,0x00000000f3e80000,0x00000000f3e80000)
  from space 33280K, 83% used [0x00000000f6380000,0x00000000f7eae538,0x00000000f8400000)
  to   space 36864K, 0% used [0x00000000f3e80000,0x00000000f3e80000,0x00000000f6280000)
 ParOldGen       total 92160K, used 72523K [0x00000000a0000000, 0x00000000a5a00000, 0x00000000e0000000)
  object space 92160K, 78% used [0x00000000a0000000,0x00000000a46d2d70,0x00000000a5a00000)
 Metaspace       used 80358K, capacity 83554K, committed 83672K, reserved 1122304K
  class space    used 10247K, capacity 10920K, committed 11008K, reserved 1048576K

