# JRE version: OpenJDK Runtime Environment (8.0_152-b01) (build 1.8.0_152-release-915-b01)
# Java VM: OpenJDK 64-Bit Server VM (25.152-b01 mixed mode linux-amd64 compressed oops)
Heap:
 PSYoungGen      total 288768K, used 17129K [0x00000000e0000000, 0x00000000f3180000, 0x0000000100000000)
  eden space 268288K, 0% used [0x00000000e0000000,0x00000000e0000000,0x00000000f0600000)
  from space 20480K, 83% used [0x00000000f0600000,0x00000000f16ba4e8,0x00000000f1a00000)
  to   space 14336K, 0% used [0x00000000f1a00000,0x00000000f1a00000,0x00000000f2800000)
 ParOldGen       total 70656K, used 38560K [0x00000000a0000000, 0x00000000a4500000, 0x00000000e0000000)
  object space 70656K, 54% used [0x00000000a0000000,0x00000000a25a8118,0x00000000a4500000)
 Metaspace       used 67274K, capacity 69546K, committed 69720K, reserved 1110016K
  class space    used 9021K, capacity 9531K, committed 9600K, reserved 1048576K
GC Heap History (10 events):
Event: 9,294 GC heap after
Heap after GC invocations=11 (full 1):
 PSYoungGen      total 189440K, used 5377K [0x00000000e0000000, 0x00000000ec400000, 0x0000000100000000)
  eden space 180224K, 0% used [0x00000000e0000000,0x00000000e0000000,0x00000000eb000000)
  from space 9216K, 58% used [0x00000000ebb00000,0x00000000ec040428,0x00000000ec400000)
  to   space 10240K, 0% used [0x00000000eb000000,0x00000000eb000000,0x00000000eba00000)
 ParOldGen       total 26624K, used 11291K [0x00000000a0000000, 0x00000000a1a00000, 0x00000000e0000000)
  object space 26624K, 42% used [0x00000000a0000000,0x00000000a0b06f00,0x00000000a1a00000)
 Metaspace       used 34561K, capacity 35192K, committed 35416K, reserved 1079296K
  class space    used 4687K, capacity 4930K, committed 4992K, reserved 1048576K
}
Event: 9,294 GC heap before
{Heap before GC invocations=12 (full 2):
 PSYoungGen      total 189440K, used 5377K [0x00000000e0000000, 0x00000000ec400000, 0x0000000100000000)
  eden space 180224K, 0% used [0x00000000e0000000,0x00000000e0000000,0x00000000eb000000)
  from space 9216K, 58% used [0x00000000ebb00000,0x00000000ec040428,0x00000000ec400000)
  to   space 10240K, 0% used [0x00000000eb000000,0x00000000eb000000,0x00000000eba00000)
 ParOldGen       total 26624K, used 11291K [0x00000000a0000000, 0x00000000a1a00000, 0x00000000e0000000)
  object space 26624K, 42% used [0x00000000a0000000,0x00000000a0b06f00,0x00000000a1a00000)
 Metaspace       used 34561K, capacity 35192K, committed 35416K, reserved 1079296K
  class space    used 4687K, capacity 4930K, committed 4992K, reserved 1048576K
Event: 9,395 GC heap after
Heap after GC invocations=12 (full 2):
 PSYoungGen      total 189440K, used 0K [0x00000000e0000000, 0x00000000ec400000, 0x0000000100000000)
  eden space 180224K, 0% used [0x00000000e0000000,0x00000000e0000000,0x00000000eb000000)
  from space 9216K, 0% used [0x00000000ebb00000,0x00000000ebb00000,0x00000000ec400000)
  to   space 10240K, 0% used [0x00000000eb000000,0x00000000eb000000,0x00000000eba00000)
 ParOldGen       total 39424K, used 14969K [0x00000000a0000000, 0x00000000a2680000, 0x00000000e0000000)
  object space 39424K, 37% used [0x00000000a0000000,0x00000000a0e9e450,0x00000000a2680000)
 Metaspace       used 34561K, capacity 35192K, committed 35416K, reserved 1079296K
  class space    used 4687K, capacity 4930K, committed 4992K, reserved 1048576K
}
Event: 14,867 GC heap before
{Heap before GC invocations=13 (full 2):
 PSYoungGen      total 189440K, used 180224K [0x00000000e0000000, 0x00000000ec400000, 0x0000000100000000)
  eden space 180224K, 100% used [0x00000000e0000000,0x00000000eb000000,0x00000000eb000000)
  from space 9216K, 0% used [0x00000000ebb00000,0x00000000ebb00000,0x00000000ec400000)
  to   space 10240K, 0% used [0x00000000eb000000,0x00000000eb000000,0x00000000eba00000)
 ParOldGen       total 39424K, used 14969K [0x00000000a0000000, 0x00000000a2680000, 0x00000000e0000000)
  object space 39424K, 37% used [0x00000000a0000000,0x00000000a0e9e450,0x00000000a2680000)
 Metaspace       used 46744K, capacity 47770K, committed 47960K, reserved 1091584K
  class space    used 6223K, capacity 6508K, committed 6528K, reserved 1048576K
Event: 16,520 GC heap after
Heap after GC invocations=13 (full 2):
 PSYoungGen      total 190464K, used 10239K [0x00000000e0000000, 0x00000000f2800000, 0x0000000100000000)
  eden space 180224K, 0% used [0x00000000e0000000,0x00000000e0000000,0x00000000eb000000)
  from space 10240K, 99% used [0x00000000eb000000,0x00000000eb9ffd28,0x00000000eba00000)
  to   space 14336K, 0% used [0x00000000f1a00000,0x00000000f1a00000,0x00000000f2800000)
 ParOldGen       total 39424K, used 21782K [0x00000000a0000000, 0x00000000a2680000, 0x00000000e0000000)
  object space 39424K, 55% used [0x00000000a0000000,0x00000000a15459c8,0x00000000a2680000)
 Metaspace       used 46744K, capacity 47770K, committed 47960K, reserved 1091584K
  class space    used 6223K, capacity 6508K, committed 6528K, reserved 1048576K
}
Event: 24,247 GC heap before
{Heap before GC invocations=14 (full 2):
 PSYoungGen      total 190464K, used 190463K [0x00000000e0000000, 0x00000000f2800000, 0x0000000100000000)
  eden space 180224K, 100% used [0x00000000e0000000,0x00000000eb000000,0x00000000eb000000)
  from space 10240K, 99% used [0x00000000eb000000,0x00000000eb9ffd28,0x00000000eba00000)
  to   space 14336K, 0% used [0x00000000f1a00000,0x00000000f1a00000,0x00000000f2800000)
 ParOldGen       total 39424K, used 21782K [0x00000000a0000000, 0x00000000a2680000, 0x00000000e0000000)
  object space 39424K, 55% used [0x00000000a0000000,0x00000000a15459c8,0x00000000a2680000)
 Metaspace       used 56081K, capacity 57760K, committed 57944K, reserved 1099776K
  class space    used 7574K, capacity 7975K, committed 8064K, reserved 1048576K
Event: 24,443 GC heap after
Heap after GC invocations=14 (full 2):
 PSYoungGen      total 282624K, used 14319K [0x00000000e0000000, 0x00000000f3180000, 0x0000000100000000)
  eden space 268288K, 0% used [0x00000000e0000000,0x00000000e0000000,0x00000000f0600000)
  from space 14336K, 99% used [0x00000000f1a00000,0x00000000f27fbce8,0x00000000f2800000)
  to   space 20480K, 0% used [0x00000000f0600000,0x00000000f0600000,0x00000000f1a00000)
 ParOldGen       total 39424K, used 33229K [0x00000000a0000000, 0x00000000a2680000, 0x00000000e0000000)
  object space 39424K, 84% used [0x00000000a0000000,0x00000000a2073798,0x00000000a2680000)
 Metaspace       used 56081K, capacity 57760K, committed 57944K, reserved 1099776K
  class space    used 7574K, capacity 7975K, committed 8064K, reserved 1048576K
}
Event: 24,443 GC heap before
{Heap before GC invocations=15 (full 3):
 PSYoungGen      total 282624K, used 14319K [0x00000000e0000000, 0x00000000f3180000, 0x0000000100000000)
  eden space 268288K, 0% used [0x00000000e0000000,0x00000000e0000000,0x00000000f0600000)
  from space 14336K, 99% used [0x00000000f1a00000,0x00000000f27fbce8,0x00000000f2800000)
  to   space 20480K, 0% used [0x00000000f0600000,0x00000000f0600000,0x00000000f1a00000)
 ParOldGen       total 39424K, used 33229K [0x00000000a0000000, 0x00000000a2680000, 0x00000000e0000000)
  object space 39424K, 84% used [0x00000000a0000000,0x00000000a2073798,0x00000000a2680000)
 Metaspace       used 56081K, capacity 57760K, committed 57944K, reserved 1099776K
  class space    used 7574K, capacity 7975K, committed 8064K, reserved 1048576K
Event: 24,796 GC heap after
Heap after GC invocations=15 (full 3):
 PSYoungGen      total 282624K, used 0K [0x00000000e0000000, 0x00000000f3180000, 0x0000000100000000)
  eden space 268288K, 0% used [0x00000000e0000000,0x00000000e0000000,0x00000000f0600000)
  from space 14336K, 0% used [0x00000000f1a00000,0x00000000f1a00000,0x00000000f2800000)
  to   space 20480K, 0% used [0x00000000f0600000,0x00000000f0600000,0x00000000f1a00000)
 ParOldGen       total 70656K, used 38552K [0x00000000a0000000, 0x00000000a4500000, 0x00000000e0000000)
  object space 70656K, 54% used [0x00000000a0000000,0x00000000a25a6118,0x00000000a4500000)
 Metaspace       used 56081K, capacity 57760K, committed 57944K, reserved 1099776K
  class space    used 7574K, capacity 7975K, committed 8064K, reserved 1048576K
}
Event: 45,675 GC heap before
{Heap before GC invocations=16 (full 3):
 PSYoungGen      total 282624K, used 267852K [0x00000000e0000000, 0x00000000f3180000, 0x0000000100000000)
  eden space 268288K, 99% used [0x00000000e0000000,0x00000000f0593398,0x00000000f0600000)
  from space 14336K, 0% used [0x00000000f1a00000,0x00000000f1a00000,0x00000000f2800000)
  to   space 20480K, 0% used [0x00000000f0600000,0x00000000f0600000,0x00000000f1a00000)
 ParOldGen       total 70656K, used 38552K [0x00000000a0000000, 0x00000000a4500000, 0x00000000e0000000)
  object space 70656K, 54% used [0x00000000a0000000,0x00000000a25a6118,0x00000000a4500000)
 Metaspace       used 67274K, capacity 69546K, committed 69720K, reserved 1110016K
  class space    used 9021K, capacity 9531K, committed 9600K, reserved 1048576K

