# JRE version: OpenJDK Runtime Environment (8.0_152-b01) (build 1.8.0_152-release-915-b01)
# Java VM: OpenJDK 64-Bit Server VM (25.152-b01 mixed mode linux-amd64 compressed oops)
Heap:
 PSYoungGen      total 312832K, used 10224K [0x00000000e0000000, 0x00000000f4700000, 0x0000000100000000)
  eden space 290816K, 0% used [0x00000000e0000000,0x00000000e0000000,0x00000000f1c00000)
  from space 22016K, 46% used [0x00000000f1c00000,0x00000000f25fc260,0x00000000f3180000)
  to   space 18944K, 0% used [0x00000000f3200000,0x00000000f3200000,0x00000000f4480000)
 ParOldGen       total 75776K, used 44396K [0x00000000a0000000, 0x00000000a4a00000, 0x00000000e0000000)
  object space 75776K, 58% used [0x00000000a0000000,0x00000000a2b5b1e0,0x00000000a4a00000)
 Metaspace       used 74356K, capacity 76852K, committed 77144K, reserved 1116160K
  class space    used 9779K, capacity 10327K, committed 10368K, reserved 1048576K
GC Heap History (10 events):
Event: 21,415 GC heap after
Heap after GC invocations=13 (full 2):
 PSYoungGen      total 166400K, used 10236K [0x00000000e0000000, 0x00000000ef400000, 0x0000000100000000)
  eden space 156160K, 0% used [0x00000000e0000000,0x00000000e0000000,0x00000000e9880000)
  from space 10240K, 99% used [0x00000000e9880000,0x00000000ea27f108,0x00000000ea280000)
  to   space 13824K, 0% used [0x00000000ee680000,0x00000000ee680000,0x00000000ef400000)
 ParOldGen       total 46592K, used 20955K [0x00000000a0000000, 0x00000000a2d80000, 0x00000000e0000000)
  object space 46592K, 44% used [0x00000000a0000000,0x00000000a1476dd0,0x00000000a2d80000)
 Metaspace       used 46471K, capacity 47510K, committed 47832K, reserved 1091584K
  class space    used 6208K, capacity 6534K, committed 6656K, reserved 1048576K
}
Event: 25,881 GC heap before
{Heap before GC invocations=14 (full 2):
 PSYoungGen      total 166400K, used 166396K [0x00000000e0000000, 0x00000000ef400000, 0x0000000100000000)
  eden space 156160K, 100% used [0x00000000e0000000,0x00000000e9880000,0x00000000e9880000)
  from space 10240K, 99% used [0x00000000e9880000,0x00000000ea27f108,0x00000000ea280000)
  to   space 13824K, 0% used [0x00000000ee680000,0x00000000ee680000,0x00000000ef400000)
 ParOldGen       total 46592K, used 20955K [0x00000000a0000000, 0x00000000a2d80000, 0x00000000e0000000)
  object space 46592K, 44% used [0x00000000a0000000,0x00000000a1476dd0,0x00000000a2d80000)
 Metaspace       used 54244K, capacity 55870K, committed 56152K, reserved 1097728K
  class space    used 7309K, capacity 7712K, committed 7808K, reserved 1048576K
Event: 25,952 GC heap after
Heap after GC invocations=14 (full 2):
 PSYoungGen      total 230400K, used 13800K [0x00000000e0000000, 0x00000000efb00000, 0x0000000100000000)
  eden space 216576K, 0% used [0x00000000e0000000,0x00000000e0000000,0x00000000ed380000)
  from space 13824K, 99% used [0x00000000ee680000,0x00000000ef3fa0d8,0x00000000ef400000)
  to   space 19456K, 0% used [0x00000000ed380000,0x00000000ed380000,0x00000000ee680000)
 ParOldGen       total 46592K, used 30691K [0x00000000a0000000, 0x00000000a2d80000, 0x00000000e0000000)
  object space 46592K, 65% used [0x00000000a0000000,0x00000000a1df8eb8,0x00000000a2d80000)
 Metaspace       used 54244K, capacity 55870K, committed 56152K, reserved 1097728K
  class space    used 7309K, capacity 7712K, committed 7808K, reserved 1048576K
}
Event: 31,620 GC heap before
{Heap before GC invocations=15 (full 2):
 PSYoungGen      total 230400K, used 114822K [0x00000000e0000000, 0x00000000efb00000, 0x0000000100000000)
  eden space 216576K, 46% used [0x00000000e0000000,0x00000000e62a7918,0x00000000ed380000)
  from space 13824K, 99% used [0x00000000ee680000,0x00000000ef3fa0d8,0x00000000ef400000)
  to   space 19456K, 0% used [0x00000000ed380000,0x00000000ed380000,0x00000000ee680000)
 ParOldGen       total 46592K, used 30691K [0x00000000a0000000, 0x00000000a2d80000, 0x00000000e0000000)
  object space 46592K, 65% used [0x00000000a0000000,0x00000000a1df8eb8,0x00000000a2d80000)
 Metaspace       used 57129K, capacity 58922K, committed 59028K, reserved 1099776K
  class space    used 7674K, capacity 8118K, committed 8192K, reserved 1048576K
Event: 31,633 GC heap after
Heap after GC invocations=15 (full 2):
 PSYoungGen      total 236032K, used 3613K [0x00000000e0000000, 0x00000000f4480000, 0x0000000100000000)
  eden space 216576K, 0% used [0x00000000e0000000,0x00000000e0000000,0x00000000ed380000)
  from space 19456K, 18% used [0x00000000ed380000,0x00000000ed707518,0x00000000ee680000)
  to   space 18944K, 0% used [0x00000000f3200000,0x00000000f3200000,0x00000000f4480000)
 ParOldGen       total 46592K, used 38181K [0x00000000a0000000, 0x00000000a2d80000, 0x00000000e0000000)
  object space 46592K, 81% used [0x00000000a0000000,0x00000000a2549568,0x00000000a2d80000)
 Metaspace       used 57129K, capacity 58922K, committed 59028K, reserved 1099776K
  class space    used 7674K, capacity 8118K, committed 8192K, reserved 1048576K
}
Event: 31,633 GC heap before
{Heap before GC invocations=16 (full 3):
 PSYoungGen      total 236032K, used 3613K [0x00000000e0000000, 0x00000000f4480000, 0x0000000100000000)
  eden space 216576K, 0% used [0x00000000e0000000,0x00000000e0000000,0x00000000ed380000)
  from space 19456K, 18% used [0x00000000ed380000,0x00000000ed707518,0x00000000ee680000)
  to   space 18944K, 0% used [0x00000000f3200000,0x00000000f3200000,0x00000000f4480000)
 ParOldGen       total 46592K, used 38181K [0x00000000a0000000, 0x00000000a2d80000, 0x00000000e0000000)
  object space 46592K, 81% used [0x00000000a0000000,0x00000000a2549568,0x00000000a2d80000)
 Metaspace       used 57129K, capacity 58922K, committed 59028K, reserved 1099776K
  class space    used 7674K, capacity 8118K, committed 8192K, reserved 1048576K
Event: 31,805 GC heap after
Heap after GC invocations=16 (full 3):
 PSYoungGen      total 236032K, used 0K [0x00000000e0000000, 0x00000000f4480000, 0x0000000100000000)
  eden space 216576K, 0% used [0x00000000e0000000,0x00000000e0000000,0x00000000ed380000)
  from space 19456K, 0% used [0x00000000ed380000,0x00000000ed380000,0x00000000ee680000)
  to   space 18944K, 0% used [0x00000000f3200000,0x00000000f3200000,0x00000000f4480000)
 ParOldGen       total 75776K, used 32975K [0x00000000a0000000, 0x00000000a4a00000, 0x00000000e0000000)
  object space 75776K, 43% used [0x00000000a0000000,0x00000000a2033fd0,0x00000000a4a00000)
 Metaspace       used 57129K, capacity 58922K, committed 59028K, reserved 1099776K
  class space    used 7674K, capacity 8118K, committed 8192K, reserved 1048576K
}
Event: 102,711 GC heap before
{Heap before GC invocations=17 (full 3):
 PSYoungGen      total 236032K, used 215728K [0x00000000e0000000, 0x00000000f4480000, 0x0000000100000000)
  eden space 216576K, 99% used [0x00000000e0000000,0x00000000ed2ac310,0x00000000ed380000)
  from space 19456K, 0% used [0x00000000ed380000,0x00000000ed380000,0x00000000ee680000)
  to   space 18944K, 0% used [0x00000000f3200000,0x00000000f3200000,0x00000000f4480000)
 ParOldGen       total 75776K, used 32975K [0x00000000a0000000, 0x00000000a4a00000, 0x00000000e0000000)
  object space 75776K, 43% used [0x00000000a0000000,0x00000000a2033fd0,0x00000000a4a00000)
 Metaspace       used 68552K, capacity 70764K, committed 70872K, reserved 1110016K
  class space    used 9138K, capacity 9647K, committed 9728K, reserved 1048576K
Event: 102,797 GC heap after
Heap after GC invocations=17 (full 3):
 PSYoungGen      total 309760K, used 18372K [0x00000000e0000000, 0x00000000f4700000, 0x0000000100000000)
  eden space 290816K, 0% used [0x00000000e0000000,0x00000000e0000000,0x00000000f1c00000)
  from space 18944K, 96% used [0x00000000f3200000,0x00000000f43f1280,0x00000000f4480000)
  to   space 22016K, 0% used [0x00000000f1c00000,0x00000000f1c00000,0x00000000f3180000)
 ParOldGen       total 75776K, used 32991K [0x00000000a0000000, 0x00000000a4a00000, 0x00000000e0000000)
  object space 75776K, 43% used [0x00000000a0000000,0x00000000a2037fd0,0x00000000a4a00000)
 Metaspace       used 68552K, capacity 70764K, committed 70872K, reserved 1110016K
  class space    used 9138K, capacity 9647K, committed 9728K, reserved 1048576K
}
Event: 123,633 GC heap before
{Heap before GC invocations=18 (full 3):
 PSYoungGen      total 309760K, used 309176K [0x00000000e0000000, 0x00000000f4700000, 0x0000000100000000)
  eden space 290816K, 99% used [0x00000000e0000000,0x00000000f1bfd088,0x00000000f1c00000)
  from space 18944K, 96% used [0x00000000f3200000,0x00000000f43f1280,0x00000000f4480000)
  to   space 22016K, 0% used [0x00000000f1c00000,0x00000000f1c00000,0x00000000f3180000)
 ParOldGen       total 75776K, used 32991K [0x00000000a0000000, 0x00000000a4a00000, 0x00000000e0000000)
  object space 75776K, 43% used [0x00000000a0000000,0x00000000a2037fd0,0x00000000a4a00000)
 Metaspace       used 74356K, capacity 76852K, committed 77144K, reserved 1116160K
  class space    used 9779K, capacity 10327K, committed 10368K, reserved 1048576K

